<?xml version="1.0" encoding="UTF-8"?>
<gresources>
  <gresource prefix="/org/gnome/gtksourceview/tests/ui">
    <file preprocess="xml-stripblanks">test-search.ui</file>
  </gresource>
</gresources>
